Using pre-set license
Built from '2021.3/staging' branch; Version is '2021.3.5f1 (40eb3a945986) revision 4254522'; Using compiler version '192829333'; Build Type 'Release'
OS: 'Windows 10  (10.0.19045) 64bit Professional' Language: 'en' Physical Memory: 32619 MB
BatchMode: 1, IsHumanControllingUs: 0, StartBugReporterOnCrash: 0, Is64bit: 1, IsPro: 1

COMMAND LINE ARGUMENTS:
C:\Program Files\Unity\Hub\Editor\2021.3.5f1\Editor\Unity.exe
-adb2
-batchMode
-noUpm
-name
AssetImportWorker2
-projectPath
C:/Users/MaxOne/Downloads/Study-3/Unity_Work/Project_Game-DEV3/project_game-dev3.git
-logFile
Logs/AssetImportWorker2.log
-srvPort
51656
Successfully changed project path to: C:/Users/MaxOne/Downloads/Study-3/Unity_Work/Project_Game-DEV3/project_game-dev3.git
C:/Users/MaxOne/Downloads/Study-3/Unity_Work/Project_Game-DEV3/project_game-dev3.git
[UnityMemory] Configuration Parameters - Can be set up in boot.config
    "memorysetup-bucket-allocator-granularity=16"
    "memorysetup-bucket-allocator-bucket-count=8"
    "memorysetup-bucket-allocator-block-size=33554432"
    "memorysetup-bucket-allocator-block-count=8"
    "memorysetup-main-allocator-block-size=16777216"
    "memorysetup-thread-allocator-block-size=16777216"
    "memorysetup-gfx-main-allocator-block-size=16777216"
    "memorysetup-gfx-thread-allocator-block-size=16777216"
    "memorysetup-cache-allocator-block-size=4194304"
    "memorysetup-typetree-allocator-block-size=2097152"
    "memorysetup-profiler-bucket-allocator-granularity=16"
    "memorysetup-profiler-bucket-allocator-bucket-count=8"
    "memorysetup-profiler-bucket-allocator-block-size=33554432"
    "memorysetup-profiler-bucket-allocator-block-count=8"
    "memorysetup-profiler-allocator-block-size=16777216"
    "memorysetup-profiler-editor-allocator-block-size=1048576"
    "memorysetup-temp-allocator-size-main=16777216"
    "memorysetup-job-temp-allocator-block-size=2097152"
    "memorysetup-job-temp-allocator-block-size-background=1048576"
    "memorysetup-job-temp-allocator-reduction-small-platforms=262144"
    "memorysetup-temp-allocator-size-background-worker=32768"
    "memorysetup-temp-allocator-size-job-worker=262144"
    "memorysetup-temp-allocator-size-preload-manager=33554432"
    "memorysetup-temp-allocator-size-nav-mesh-worker=65536"
    "memorysetup-temp-allocator-size-audio-worker=65536"
    "memorysetup-temp-allocator-size-cloud-worker=32768"
    "memorysetup-temp-allocator-size-gi-baking-worker=262144"
    "memorysetup-temp-allocator-size-gfx=262144"
Refreshing native plugins compatible for Editor in 91.92 ms, found 3 plugins.
Preloading 0 native plugins for Editor in 0.00 ms.
Initialize engine version: 2021.3.5f1 (40eb3a945986)
[Subsystems] Discovering subsystems at path C:/Program Files/Unity/Hub/Editor/2021.3.5f1/Editor/Data/Resources/UnitySubsystems
[Subsystems] Discovering subsystems at path C:/Users/MaxOne/Downloads/Study-3/Unity_Work/Project_Game-DEV3/project_game-dev3.git/Assets
GfxDevice: creating device client; threaded=0; jobified=0
Direct3D:
    Version:  Direct3D 11.0 [level 11.1]
    Renderer: NVIDIA GeForce RTX 3070 Laptop GPU (ID=0x24dd)
    Vendor:   NVIDIA
    VRAM:     8044 MB
    Driver:   31.0.15.2225
Initialize mono
Mono path[0] = 'C:/Program Files/Unity/Hub/Editor/2021.3.5f1/Editor/Data/Managed'
Mono path[1] = 'C:/Program Files/Unity/Hub/Editor/2021.3.5f1/Editor/Data/MonoBleedingEdge/lib/mono/unityjit-win32'
Mono config path = 'C:/Program Files/Unity/Hub/Editor/2021.3.5f1/Editor/Data/MonoBleedingEdge/etc'
Using monoOptions --debugger-agent=transport=dt_socket,embedding=1,server=y,suspend=n,address=127.0.0.1:56756
Begin MonoManager ReloadAssembly
Registering precompiled unity dll's ...
Register platform support module: C:/Program Files/Unity/Hub/Editor/2021.3.5f1/Editor/Data/PlaybackEngines/WindowsStandaloneSupport/UnityEditor.WindowsStandalone.Extensions.dll
Registered in 0.004517 seconds.
Native extension for WindowsStandalone target not found
Refreshing native plugins compatible for Editor in 107.90 ms, found 3 plugins.
Preloading 0 native plugins for Editor in 0.00 ms.
Mono: successfully reloaded assembly
- Completed reload, in  0.687 seconds
Domain Reload Profiling:
	ReloadAssembly (687ms)
		BeginReloadAssembly (70ms)
			ExecutionOrderSort (0ms)
			DisableScriptedObjects (0ms)
			BackupInstance (0ms)
			ReleaseScriptingObjects (0ms)
			CreateAndSetChildDomain (1ms)
		EndReloadAssembly (514ms)
			LoadAssemblies (68ms)
			RebuildTransferFunctionScriptingTraits (0ms)
			SetupTypeCache (122ms)
			ReleaseScriptCaches (0ms)
			RebuildScriptCaches (21ms)
			SetupLoadedEditorAssemblies (326ms)
				LogAssemblyErrors (0ms)
				InitializePlatformSupportModulesInManaged (6ms)
				SetLoadedEditorAssemblies (0ms)
				RefreshPlugins (108ms)
				BeforeProcessingInitializeOnLoad (1ms)
				ProcessInitializeOnLoadAttributes (138ms)
				ProcessInitializeOnLoadMethodAttributes (72ms)
				AfterProcessingInitializeOnLoad (0ms)
				EditorAssembliesLoaded (0ms)
			ExecutionOrderSort2 (0ms)
			AwakeInstancesAfterBackupRestoration (0ms)
Platform modules already initialized, skipping
Registering precompiled user dll's ...
Registered in 0.007047 seconds.
Begin MonoManager ReloadAssembly
Symbol file LoadedFromMemory doesn't match image C:\Users\MaxOne\Downloads\Study-3\Unity_Work\Project_Game-DEV3\project_game-dev3.git\Library\PackageCache\com.unity.visualscripting@1.7.8\Editor\VisualScripting.Core\Dependencies\YamlDotNet\Unity.VisualScripting.YamlDotNet.dll
Symbol file LoadedFromMemory doesn't match image C:\Users\MaxOne\Downloads\Study-3\Unity_Work\Project_Game-DEV3\project_game-dev3.git\Library\PackageCache\com.unity.visualscripting@1.7.8\Editor\VisualScripting.Core\Dependencies\DotNetZip\Unity.VisualScripting.IonicZip.dll
Native extension for WindowsStandalone target not found
Refreshing native plugins compatible for Editor in 102.46 ms, found 3 plugins.
Preloading 0 native plugins for Editor in 0.00 ms.
Mono: successfully reloaded assembly
- Completed reload, in  1.243 seconds
Domain Reload Profiling:
	ReloadAssembly (1244ms)
		BeginReloadAssembly (98ms)
			ExecutionOrderSort (0ms)
			DisableScriptedObjects (4ms)
			BackupInstance (0ms)
			ReleaseScriptingObjects (0ms)
			CreateAndSetChildDomain (20ms)
		EndReloadAssembly (1023ms)
			LoadAssemblies (85ms)
			RebuildTransferFunctionScriptingTraits (0ms)
			SetupTypeCache (252ms)
			ReleaseScriptCaches (1ms)
			RebuildScriptCaches (62ms)
			SetupLoadedEditorAssemblies (554ms)
				LogAssemblyErrors (0ms)
				InitializePlatformSupportModulesInManaged (9ms)
				SetLoadedEditorAssemblies (0ms)
				RefreshPlugins (103ms)
				BeforeProcessingInitializeOnLoad (112ms)
				ProcessInitializeOnLoadAttributes (296ms)
				ProcessInitializeOnLoadMethodAttributes (21ms)
				AfterProcessingInitializeOnLoad (12ms)
				EditorAssembliesLoaded (0ms)
			ExecutionOrderSort2 (0ms)
			AwakeInstancesAfterBackupRestoration (5ms)
Platform modules already initialized, skipping
========================================================================
Worker process is ready to serve import requests
Launched and connected shader compiler UnityShaderCompiler.exe after 0.04 seconds
Refreshing native plugins compatible for Editor in 0.73 ms, found 3 plugins.
Preloading 0 native plugins for Editor in 0.00 ms.
Unloading 4314 Unused Serialized files (Serialized files now loaded: 0)
Unloading 42 unused Assets / (186.1 KB). Loaded Objects now: 4775.
Memory consumption went from 157.9 MB to 157.7 MB.
Total: 3.976000 ms (FindLiveObjects: 0.336000 ms CreateObjectMapping: 0.117800 ms MarkObjects: 3.340800 ms  DeleteObjects: 0.163400 ms)

AssetImportParameters requested are different than current active one (requested -> active):
  custom:video-decoder-ogg-theora: a1e56fd34408186e4bbccfd4996cb3dc -> 
  custom:container-muxer-webm: aa71ff27fc2769a1b78a27578f13a17b -> 
  custom:container-demuxer-webm: 4f35f7cbe854078d1ac9338744f61a02 -> 
  custom:video-encoder-webm-vp8: eb34c28f22e8b96e1ab97ce403110664 -> 
  custom:audio-encoder-webm-vorbis: bf7c407c2cedff20999df2af8eb42d56 -> 
  custom:framework-win-MediaFoundation: 216162199b28c13a410421893ffa2e32 -> 
  custom:container-demuxer-ogg: 62fdf1f143b41e24485cea50d1cbac27 -> 
  custom:video-decoder-webm-vp8: 9c59270c3fd7afecdb556c50c9e8de78 -> 
  custom:audio-decoder-ogg-vorbis: bf7c407c2cedff20999df2af8eb42d56 -> 
========================================================================
Received Import Request.
  Time since last request: 424431.326563 seconds.
  path: Assets/Import/TEST-Folrder/PreFAB/Tower/Tower-1/Ammo-1-Test.prefab
  artifactKey: Guid(771f7c689997ddf499ae16660b0e41f7) Importer(815301076,1909f56bfc062723c751e8b465ee728b)
Start importing Assets/Import/TEST-Folrder/PreFAB/Tower/Tower-1/Ammo-1-Test.prefab using Guid(771f7c689997ddf499ae16660b0e41f7) Importer(815301076,1909f56bfc062723c751e8b465ee728b)  -> (artifact id: '556129fcbdc3fa3271eb325b7302b447') in 0.096631 seconds 
========================================================================
Received Import Request.
  Time since last request: 1.568715 seconds.
  path: Assets/Main_Project/PreFAB/OLD/Enemy_Test-2.prefab
  artifactKey: Guid(e7640cfc449164643a2bdc6991f19414) Importer(815301076,1909f56bfc062723c751e8b465ee728b)
Start importing Assets/Main_Project/PreFAB/OLD/Enemy_Test-2.prefab using Guid(e7640cfc449164643a2bdc6991f19414) Importer(815301076,1909f56bfc062723c751e8b465ee728b)  -> (artifact id: '5457e0b79c85ed53a776ff0dac8a82d7') in 0.021117 seconds 
========================================================================
Received Import Request.
  Time since last request: 219.370466 seconds.
  path: Assets/Main_Project/Meterial/Tower/Fahtalai_base.fbx
  artifactKey: Guid(7714b383dbf14ed4aa068144b5ab676f) Importer(815301076,1909f56bfc062723c751e8b465ee728b)
Start importing Assets/Main_Project/Meterial/Tower/Fahtalai_base.fbx using Guid(7714b383dbf14ed4aa068144b5ab676f) Importer(815301076,1909f56bfc062723c751e8b465ee728b)  -> (artifact id: '3ca1ab548dfe9766062df3b878ef2920') in 0.068923 seconds 
========================================================================
Received Import Request.
  Time since last request: 80.245792 seconds.
  path: Assets/Main_Project/WaveInfo/Wave_5.asset
  artifactKey: Guid(bce7564638a33754cbcd113377de20f7) Importer(815301076,1909f56bfc062723c751e8b465ee728b)
Start importing Assets/Main_Project/WaveInfo/Wave_5.asset using Guid(bce7564638a33754cbcd113377de20f7) Importer(815301076,1909f56bfc062723c751e8b465ee728b)  -> (artifact id: '9f503287f5c0b11cf7208e939c5afc85') in 0.100305 seconds 
========================================================================
Received Import Request.
  Time since last request: 0.000037 seconds.
  path: Assets/Main_Project/WaveInfo/Wave_3.asset
  artifactKey: Guid(ee288774378640a44930e8c6ab2776e4) Importer(815301076,1909f56bfc062723c751e8b465ee728b)
Start importing Assets/Main_Project/WaveInfo/Wave_3.asset using Guid(ee288774378640a44930e8c6ab2776e4) Importer(815301076,1909f56bfc062723c751e8b465ee728b)  -> (artifact id: 'a68175bfc9063421f9b3f0279308a7fc') in 0.048737 seconds 
========================================================================
Received Import Request.
  Time since last request: 34.006470 seconds.
  path: Assets/Main_Project/PreFAB/Tower/Tower-3/Tower-3.prefab
  artifactKey: Guid(1f186ca1cdf0b174cbadd9a76d5e7fc2) Importer(815301076,1909f56bfc062723c751e8b465ee728b)
Start importing Assets/Main_Project/PreFAB/Tower/Tower-3/Tower-3.prefab using Guid(1f186ca1cdf0b174cbadd9a76d5e7fc2) Importer(815301076,1909f56bfc062723c751e8b465ee728b)  -> (artifact id: '0283dbf0951eaa2fbe9c652344f56c27') in 0.064653 seconds 
========================================================================
Received Prepare
Registering precompiled user dll's ...
Registered in 0.004778 seconds.
Begin MonoManager ReloadAssembly
Symbol file LoadedFromMemory doesn't match image C:\Users\MaxOne\Downloads\Study-3\Unity_Work\Project_Game-DEV3\project_game-dev3.git\Library\PackageCache\com.unity.visualscripting@1.7.8\Editor\VisualScripting.Core\Dependencies\YamlDotNet\Unity.VisualScripting.YamlDotNet.dll
Symbol file LoadedFromMemory doesn't match image C:\Users\MaxOne\Downloads\Study-3\Unity_Work\Project_Game-DEV3\project_game-dev3.git\Library\PackageCache\com.unity.visualscripting@1.7.8\Editor\VisualScripting.Core\Dependencies\DotNetZip\Unity.VisualScripting.IonicZip.dll
Native extension for WindowsStandalone target not found
Refreshing native plugins compatible for Editor in 1.03 ms, found 3 plugins.
Preloading 0 native plugins for Editor in 0.00 ms.
Mono: successfully reloaded assembly
- Completed reload, in  1.070 seconds
Domain Reload Profiling:
	ReloadAssembly (1071ms)
		BeginReloadAssembly (144ms)
			ExecutionOrderSort (0ms)
			DisableScriptedObjects (5ms)
			BackupInstance (0ms)
			ReleaseScriptingObjects (0ms)
			CreateAndSetChildDomain (54ms)
		EndReloadAssembly (819ms)
			LoadAssemblies (78ms)
			RebuildTransferFunctionScriptingTraits (0ms)
			SetupTypeCache (282ms)
			ReleaseScriptCaches (2ms)
			RebuildScriptCaches (41ms)
			SetupLoadedEditorAssemblies (374ms)
				LogAssemblyErrors (0ms)
				InitializePlatformSupportModulesInManaged (9ms)
				SetLoadedEditorAssemblies (0ms)
				RefreshPlugins (1ms)
				BeforeProcessingInitializeOnLoad (68ms)
				ProcessInitializeOnLoadAttributes (269ms)
				ProcessInitializeOnLoadMethodAttributes (20ms)
				AfterProcessingInitializeOnLoad (7ms)
				EditorAssembliesLoaded (0ms)
			ExecutionOrderSort2 (0ms)
			AwakeInstancesAfterBackupRestoration (5ms)
Platform modules already initialized, skipping
Refreshing native plugins compatible for Editor in 2.34 ms, found 3 plugins.
Preloading 0 native plugins for Editor in 0.00 ms.
Unloading 4274 Unused Serialized files (Serialized files now loaded: 0)
Unloading 24 unused Assets / (156.2 KB). Loaded Objects now: 4836.
Memory consumption went from 159.4 MB to 159.2 MB.
Total: 3.858400 ms (FindLiveObjects: 0.362600 ms CreateObjectMapping: 0.332900 ms MarkObjects: 3.032800 ms  DeleteObjects: 0.129100 ms)

AssetImportParameters requested are different than current active one (requested -> active):
  custom:video-decoder-ogg-theora: a1e56fd34408186e4bbccfd4996cb3dc -> 
  custom:container-muxer-webm: aa71ff27fc2769a1b78a27578f13a17b -> 
  custom:container-demuxer-webm: 4f35f7cbe854078d1ac9338744f61a02 -> 
  custom:video-encoder-webm-vp8: eb34c28f22e8b96e1ab97ce403110664 -> 
  custom:audio-encoder-webm-vorbis: bf7c407c2cedff20999df2af8eb42d56 -> 
  custom:framework-win-MediaFoundation: 216162199b28c13a410421893ffa2e32 -> 
  custom:container-demuxer-ogg: 62fdf1f143b41e24485cea50d1cbac27 -> 
  custom:video-decoder-webm-vp8: 9c59270c3fd7afecdb556c50c9e8de78 -> 
  custom:audio-decoder-ogg-vorbis: bf7c407c2cedff20999df2af8eb42d56 -> 
========================================================================
Received Import Request.
  Time since last request: 1331.674505 seconds.
  path: Assets/Main_Project/PreFAB/Enemy/Enemy_1.prefab
  artifactKey: Guid(bcd285e1b2ee3c94da20d2b0a5c2460e) Importer(815301076,1909f56bfc062723c751e8b465ee728b)
Start importing Assets/Main_Project/PreFAB/Enemy/Enemy_1.prefab using Guid(bcd285e1b2ee3c94da20d2b0a5c2460e) Importer(815301076,1909f56bfc062723c751e8b465ee728b)  -> (artifact id: 'c4efbcfe5b56e540fc45e2031c416f40') in 0.113670 seconds 
========================================================================
Received Import Request.
  Time since last request: 1.787479 seconds.
  path: Assets/Main_Project/PreFAB/Enemy/Enemy_1.prefab
  artifactKey: Guid(bcd285e1b2ee3c94da20d2b0a5c2460e) Importer(815301076,1909f56bfc062723c751e8b465ee728b)
Start importing Assets/Main_Project/PreFAB/Enemy/Enemy_1.prefab using Guid(bcd285e1b2ee3c94da20d2b0a5c2460e) Importer(815301076,1909f56bfc062723c751e8b465ee728b)  -> (artifact id: '4af1cbaae90a6c73b7cca04341305ace') in 0.088391 seconds 
========================================================================
Received Import Request.
  Time since last request: 4.567700 seconds.
  path: Assets/Main_Project/PreFAB/Enemy/Enemy_2.prefab
  artifactKey: Guid(93844e4f21b94ed47a5e8e30779eb3e1) Importer(815301076,1909f56bfc062723c751e8b465ee728b)
Start importing Assets/Main_Project/PreFAB/Enemy/Enemy_2.prefab using Guid(93844e4f21b94ed47a5e8e30779eb3e1) Importer(815301076,1909f56bfc062723c751e8b465ee728b)  -> (artifact id: '44c13d7eaf3f5f8f6ad47d47b1606af6') in 0.030653 seconds 
========================================================================
Received Import Request.
  Time since last request: 7.915354 seconds.
  path: Assets/Main_Project/PreFAB/Enemy/Enemy_3.prefab
  artifactKey: Guid(847d1d5fc4d392f4ea7a8589626e838a) Importer(815301076,1909f56bfc062723c751e8b465ee728b)
Start importing Assets/Main_Project/PreFAB/Enemy/Enemy_3.prefab using Guid(847d1d5fc4d392f4ea7a8589626e838a) Importer(815301076,1909f56bfc062723c751e8b465ee728b)  -> (artifact id: 'c6216e1a627c02861bc815427e9f1dd6') in 0.123939 seconds 
========================================================================
Received Import Request.
  Time since last request: 60.069221 seconds.
  path: Assets/Main_Project/PreFAB/Enemy/Enemy_3.prefab
  artifactKey: Guid(847d1d5fc4d392f4ea7a8589626e838a) Importer(815301076,1909f56bfc062723c751e8b465ee728b)
Start importing Assets/Main_Project/PreFAB/Enemy/Enemy_3.prefab using Guid(847d1d5fc4d392f4ea7a8589626e838a) Importer(815301076,1909f56bfc062723c751e8b465ee728b)  -> (artifact id: '032001a6a93752f3f32d8e4f4e316a2f') in 0.109906 seconds 
========================================================================
Received Import Request.
  Time since last request: 6.059311 seconds.
  path: Assets/Main_Project/PreFAB/Enemy/Enemy_2.prefab
  artifactKey: Guid(93844e4f21b94ed47a5e8e30779eb3e1) Importer(815301076,1909f56bfc062723c751e8b465ee728b)
Start importing Assets/Main_Project/PreFAB/Enemy/Enemy_2.prefab using Guid(93844e4f21b94ed47a5e8e30779eb3e1) Importer(815301076,1909f56bfc062723c751e8b465ee728b)  -> (artifact id: '619faf8394ee2ce7c42c21d74f8d8712') in 0.060527 seconds 
========================================================================
Received Import Request.
  Time since last request: 18.470984 seconds.
  path: Assets/Main_Project/PreFAB/Enemy/Enemy_1.prefab
  artifactKey: Guid(bcd285e1b2ee3c94da20d2b0a5c2460e) Importer(815301076,1909f56bfc062723c751e8b465ee728b)
Start importing Assets/Main_Project/PreFAB/Enemy/Enemy_1.prefab using Guid(bcd285e1b2ee3c94da20d2b0a5c2460e) Importer(815301076,1909f56bfc062723c751e8b465ee728b)  -> (artifact id: '15ad56ec2988ac2c9699e1b3719e2fda') in 0.072411 seconds 
========================================================================
Received Prepare
Registering precompiled user dll's ...
Registered in 0.005087 seconds.
Begin MonoManager ReloadAssembly
Symbol file LoadedFromMemory doesn't match image C:\Users\MaxOne\Downloads\Study-3\Unity_Work\Project_Game-DEV3\project_game-dev3.git\Library\PackageCache\com.unity.visualscripting@1.7.8\Editor\VisualScripting.Core\Dependencies\YamlDotNet\Unity.VisualScripting.YamlDotNet.dll
Symbol file LoadedFromMemory doesn't match image C:\Users\MaxOne\Downloads\Study-3\Unity_Work\Project_Game-DEV3\project_game-dev3.git\Library\PackageCache\com.unity.visualscripting@1.7.8\Editor\VisualScripting.Core\Dependencies\DotNetZip\Unity.VisualScripting.IonicZip.dll
Native extension for WindowsStandalone target not found
Refreshing native plugins compatible for Editor in 1.05 ms, found 3 plugins.
Preloading 0 native plugins for Editor in 0.00 ms.
Mono: successfully reloaded assembly
- Completed reload, in  1.133 seconds
Domain Reload Profiling:
	ReloadAssembly (1134ms)
		BeginReloadAssembly (141ms)
			ExecutionOrderSort (0ms)
			DisableScriptedObjects (4ms)
			BackupInstance (0ms)
			ReleaseScriptingObjects (0ms)
			CreateAndSetChildDomain (38ms)
		EndReloadAssembly (894ms)
			LoadAssemblies (83ms)
			RebuildTransferFunctionScriptingTraits (0ms)
			SetupTypeCache (307ms)
			ReleaseScriptCaches (2ms)
			RebuildScriptCaches (67ms)
			SetupLoadedEditorAssemblies (377ms)
				LogAssemblyErrors (0ms)
				InitializePlatformSupportModulesInManaged (13ms)
				SetLoadedEditorAssemblies (1ms)
				RefreshPlugins (1ms)
				BeforeProcessingInitializeOnLoad (86ms)
				ProcessInitializeOnLoadAttributes (250ms)
				ProcessInitializeOnLoadMethodAttributes (21ms)
				AfterProcessingInitializeOnLoad (6ms)
				EditorAssembliesLoaded (0ms)
			ExecutionOrderSort2 (0ms)
			AwakeInstancesAfterBackupRestoration (5ms)
Platform modules already initialized, skipping
Refreshing native plugins compatible for Editor in 2.18 ms, found 3 plugins.
Preloading 0 native plugins for Editor in 0.00 ms.
Unloading 4274 Unused Serialized files (Serialized files now loaded: 0)
Unloading 25 unused Assets / (148.5 KB). Loaded Objects now: 4851.
Memory consumption went from 159.4 MB to 159.3 MB.
Total: 2.882400 ms (FindLiveObjects: 0.334400 ms CreateObjectMapping: 0.146500 ms MarkObjects: 2.237400 ms  DeleteObjects: 0.163000 ms)

AssetImportParameters requested are different than current active one (requested -> active):
  custom:video-decoder-ogg-theora: a1e56fd34408186e4bbccfd4996cb3dc -> 
  custom:container-muxer-webm: aa71ff27fc2769a1b78a27578f13a17b -> 
  custom:container-demuxer-webm: 4f35f7cbe854078d1ac9338744f61a02 -> 
  custom:video-encoder-webm-vp8: eb34c28f22e8b96e1ab97ce403110664 -> 
  custom:audio-encoder-webm-vorbis: bf7c407c2cedff20999df2af8eb42d56 -> 
  custom:framework-win-MediaFoundation: 216162199b28c13a410421893ffa2e32 -> 
  custom:container-demuxer-ogg: 62fdf1f143b41e24485cea50d1cbac27 -> 
  custom:video-decoder-webm-vp8: 9c59270c3fd7afecdb556c50c9e8de78 -> 
  custom:audio-decoder-ogg-vorbis: bf7c407c2cedff20999df2af8eb42d56 -> 
