Using pre-set license
Built from '2021.3/staging' branch; Version is '2021.3.5f1 (40eb3a945986) revision 4254522'; Using compiler version '192829333'; Build Type 'Release'
OS: 'Windows 10  (10.0.19045) 64bit Professional' Language: 'en' Physical Memory: 32619 MB
BatchMode: 1, IsHumanControllingUs: 0, StartBugReporterOnCrash: 0, Is64bit: 1, IsPro: 1

COMMAND LINE ARGUMENTS:
C:\Program Files\Unity\Hub\Editor\2021.3.5f1\Editor\Unity.exe
-adb2
-batchMode
-noUpm
-name
AssetImportWorker0
-projectPath
C:/Users/MaxOne/Downloads/Study-3/Unity_Work/Project_Game-DEV3/project_game-dev3.git
-logFile
Logs/AssetImportWorker0.log
-srvPort
52608
Successfully changed project path to: C:/Users/MaxOne/Downloads/Study-3/Unity_Work/Project_Game-DEV3/project_game-dev3.git
C:/Users/MaxOne/Downloads/Study-3/Unity_Work/Project_Game-DEV3/project_game-dev3.git
[UnityMemory] Configuration Parameters - Can be set up in boot.config
    "memorysetup-bucket-allocator-granularity=16"
    "memorysetup-bucket-allocator-bucket-count=8"
    "memorysetup-bucket-allocator-block-size=33554432"
    "memorysetup-bucket-allocator-block-count=8"
    "memorysetup-main-allocator-block-size=16777216"
    "memorysetup-thread-allocator-block-size=16777216"
    "memorysetup-gfx-main-allocator-block-size=16777216"
    "memorysetup-gfx-thread-allocator-block-size=16777216"
    "memorysetup-cache-allocator-block-size=4194304"
    "memorysetup-typetree-allocator-block-size=2097152"
    "memorysetup-profiler-bucket-allocator-granularity=16"
    "memorysetup-profiler-bucket-allocator-bucket-count=8"
    "memorysetup-profiler-bucket-allocator-block-size=33554432"
    "memorysetup-profiler-bucket-allocator-block-count=8"
    "memorysetup-profiler-allocator-block-size=16777216"
    "memorysetup-profiler-editor-allocator-block-size=1048576"
    "memorysetup-temp-allocator-size-main=16777216"
    "memorysetup-job-temp-allocator-block-size=2097152"
    "memorysetup-job-temp-allocator-block-size-background=1048576"
    "memorysetup-job-temp-allocator-reduction-small-platforms=262144"
    "memorysetup-temp-allocator-size-background-worker=32768"
    "memorysetup-temp-allocator-size-job-worker=262144"
    "memorysetup-temp-allocator-size-preload-manager=33554432"
    "memorysetup-temp-allocator-size-nav-mesh-worker=65536"
    "memorysetup-temp-allocator-size-audio-worker=65536"
    "memorysetup-temp-allocator-size-cloud-worker=32768"
    "memorysetup-temp-allocator-size-gi-baking-worker=262144"
    "memorysetup-temp-allocator-size-gfx=262144"
Refreshing native plugins compatible for Editor in 96.97 ms, found 3 plugins.
Preloading 0 native plugins for Editor in 0.00 ms.
Initialize engine version: 2021.3.5f1 (40eb3a945986)
[Subsystems] Discovering subsystems at path C:/Program Files/Unity/Hub/Editor/2021.3.5f1/Editor/Data/Resources/UnitySubsystems
[Subsystems] Discovering subsystems at path C:/Users/MaxOne/Downloads/Study-3/Unity_Work/Project_Game-DEV3/project_game-dev3.git/Assets
GfxDevice: creating device client; threaded=0; jobified=0
Direct3D:
    Version:  Direct3D 11.0 [level 11.1]
    Renderer: NVIDIA GeForce RTX 3070 Laptop GPU (ID=0x24dd)
    Vendor:   NVIDIA
    VRAM:     8044 MB
    Driver:   31.0.15.2225
Initialize mono
Mono path[0] = 'C:/Program Files/Unity/Hub/Editor/2021.3.5f1/Editor/Data/Managed'
Mono path[1] = 'C:/Program Files/Unity/Hub/Editor/2021.3.5f1/Editor/Data/MonoBleedingEdge/lib/mono/unityjit-win32'
Mono config path = 'C:/Program Files/Unity/Hub/Editor/2021.3.5f1/Editor/Data/MonoBleedingEdge/etc'
Using monoOptions --debugger-agent=transport=dt_socket,embedding=1,server=y,suspend=n,address=127.0.0.1:56648
Begin MonoManager ReloadAssembly
Registering precompiled unity dll's ...
Register platform support module: C:/Program Files/Unity/Hub/Editor/2021.3.5f1/Editor/Data/PlaybackEngines/WindowsStandaloneSupport/UnityEditor.WindowsStandalone.Extensions.dll
Registered in 0.004908 seconds.
Native extension for WindowsStandalone target not found
Refreshing native plugins compatible for Editor in 110.36 ms, found 3 plugins.
Preloading 0 native plugins for Editor in 0.00 ms.
Mono: successfully reloaded assembly
- Completed reload, in  0.694 seconds
Domain Reload Profiling:
	ReloadAssembly (695ms)
		BeginReloadAssembly (61ms)
			ExecutionOrderSort (0ms)
			DisableScriptedObjects (0ms)
			BackupInstance (0ms)
			ReleaseScriptingObjects (0ms)
			CreateAndSetChildDomain (1ms)
		EndReloadAssembly (534ms)
			LoadAssemblies (58ms)
			RebuildTransferFunctionScriptingTraits (0ms)
			SetupTypeCache (129ms)
			ReleaseScriptCaches (0ms)
			RebuildScriptCaches (33ms)
			SetupLoadedEditorAssemblies (308ms)
				LogAssemblyErrors (0ms)
				InitializePlatformSupportModulesInManaged (8ms)
				SetLoadedEditorAssemblies (0ms)
				RefreshPlugins (110ms)
				BeforeProcessingInitializeOnLoad (1ms)
				ProcessInitializeOnLoadAttributes (136ms)
				ProcessInitializeOnLoadMethodAttributes (53ms)
				AfterProcessingInitializeOnLoad (0ms)
				EditorAssembliesLoaded (0ms)
			ExecutionOrderSort2 (0ms)
			AwakeInstancesAfterBackupRestoration (0ms)
Platform modules already initialized, skipping
Registering precompiled user dll's ...
Registered in 0.006503 seconds.
Begin MonoManager ReloadAssembly
Symbol file LoadedFromMemory doesn't match image C:\Users\MaxOne\Downloads\Study-3\Unity_Work\Project_Game-DEV3\project_game-dev3.git\Library\PackageCache\com.unity.visualscripting@1.7.8\Editor\VisualScripting.Core\Dependencies\YamlDotNet\Unity.VisualScripting.YamlDotNet.dll
Symbol file LoadedFromMemory doesn't match image C:\Users\MaxOne\Downloads\Study-3\Unity_Work\Project_Game-DEV3\project_game-dev3.git\Library\PackageCache\com.unity.visualscripting@1.7.8\Editor\VisualScripting.Core\Dependencies\DotNetZip\Unity.VisualScripting.IonicZip.dll
Native extension for WindowsStandalone target not found
Refreshing native plugins compatible for Editor in 121.04 ms, found 3 plugins.
Preloading 0 native plugins for Editor in 0.00 ms.
Mono: successfully reloaded assembly
- Completed reload, in  1.340 seconds
Domain Reload Profiling:
	ReloadAssembly (1341ms)
		BeginReloadAssembly (114ms)
			ExecutionOrderSort (0ms)
			DisableScriptedObjects (7ms)
			BackupInstance (0ms)
			ReleaseScriptingObjects (0ms)
			CreateAndSetChildDomain (21ms)
		EndReloadAssembly (1085ms)
			LoadAssemblies (79ms)
			RebuildTransferFunctionScriptingTraits (0ms)
			SetupTypeCache (300ms)
			ReleaseScriptCaches (1ms)
			RebuildScriptCaches (65ms)
			SetupLoadedEditorAssemblies (597ms)
				LogAssemblyErrors (0ms)
				InitializePlatformSupportModulesInManaged (5ms)
				SetLoadedEditorAssemblies (0ms)
				RefreshPlugins (121ms)
				BeforeProcessingInitializeOnLoad (107ms)
				ProcessInitializeOnLoadAttributes (335ms)
				ProcessInitializeOnLoadMethodAttributes (23ms)
				AfterProcessingInitializeOnLoad (5ms)
				EditorAssembliesLoaded (0ms)
			ExecutionOrderSort2 (0ms)
			AwakeInstancesAfterBackupRestoration (5ms)
Platform modules already initialized, skipping
========================================================================
Worker process is ready to serve import requests
Launched and connected shader compiler UnityShaderCompiler.exe after 0.03 seconds
Refreshing native plugins compatible for Editor in 0.68 ms, found 3 plugins.
Preloading 0 native plugins for Editor in 0.00 ms.
Unloading 4314 Unused Serialized files (Serialized files now loaded: 0)
Unloading 42 unused Assets / (186.1 KB). Loaded Objects now: 4775.
Memory consumption went from 157.9 MB to 157.8 MB.
Total: 3.241600 ms (FindLiveObjects: 0.294200 ms CreateObjectMapping: 0.118400 ms MarkObjects: 2.681700 ms  DeleteObjects: 0.146200 ms)

AssetImportParameters requested are different than current active one (requested -> active):
  custom:video-decoder-ogg-theora: a1e56fd34408186e4bbccfd4996cb3dc -> 
  custom:container-muxer-webm: aa71ff27fc2769a1b78a27578f13a17b -> 
  custom:container-demuxer-webm: 4f35f7cbe854078d1ac9338744f61a02 -> 
  custom:video-encoder-webm-vp8: eb34c28f22e8b96e1ab97ce403110664 -> 
  custom:audio-encoder-webm-vorbis: bf7c407c2cedff20999df2af8eb42d56 -> 
  custom:framework-win-MediaFoundation: 216162199b28c13a410421893ffa2e32 -> 
  custom:container-demuxer-ogg: 62fdf1f143b41e24485cea50d1cbac27 -> 
  custom:video-decoder-webm-vp8: 9c59270c3fd7afecdb556c50c9e8de78 -> 
  custom:audio-decoder-ogg-vorbis: bf7c407c2cedff20999df2af8eb42d56 -> 
========================================================================
Received Import Request.
  Time since last request: 498473.843274 seconds.
  path: Assets/Main_Project/PreFAB/Tower/Tower-3/Tower-3.prefab
  artifactKey: Guid(1f186ca1cdf0b174cbadd9a76d5e7fc2) Importer(815301076,1909f56bfc062723c751e8b465ee728b)
Start importing Assets/Main_Project/PreFAB/Tower/Tower-3/Tower-3.prefab using Guid(1f186ca1cdf0b174cbadd9a76d5e7fc2) Importer(815301076,1909f56bfc062723c751e8b465ee728b)  -> (artifact id: '836285653f8029869dd23e46f58d782a') in 0.171929 seconds 
========================================================================
Received Import Request.
  Time since last request: 3.337553 seconds.
  path: Assets/Main_Project/PreFAB/Tower/Tower-1/Tower-1.prefab
  artifactKey: Guid(1f6b46486d8c2824294301e27247f9e5) Importer(815301076,1909f56bfc062723c751e8b465ee728b)
Start importing Assets/Main_Project/PreFAB/Tower/Tower-1/Tower-1.prefab using Guid(1f6b46486d8c2824294301e27247f9e5) Importer(815301076,1909f56bfc062723c751e8b465ee728b)  -> (artifact id: 'f3c50cecd8293813f895dda8b8fe9ab9') in 0.079322 seconds 
========================================================================
Received Import Request.
  Time since last request: 0.000025 seconds.
  path: Assets/Main_Project/PreFAB/Tower/Tower-3/Tower-3.prefab
  artifactKey: Guid(1f186ca1cdf0b174cbadd9a76d5e7fc2) Importer(815301076,1909f56bfc062723c751e8b465ee728b)
Start importing Assets/Main_Project/PreFAB/Tower/Tower-3/Tower-3.prefab using Guid(1f186ca1cdf0b174cbadd9a76d5e7fc2) Importer(815301076,1909f56bfc062723c751e8b465ee728b)  -> (artifact id: 'caca78046b671bcfb6c85a21f82180d9') in 0.099544 seconds 
========================================================================
Received Import Request.
  Time since last request: 7.837497 seconds.
  path: Assets/Main_Project/PreFAB/Tower/Tower-1/Ammo-1-Test.prefab
  artifactKey: Guid(f681384a6789cf34b9173a3472f3c610) Importer(815301076,1909f56bfc062723c751e8b465ee728b)
Start importing Assets/Main_Project/PreFAB/Tower/Tower-1/Ammo-1-Test.prefab using Guid(f681384a6789cf34b9173a3472f3c610) Importer(815301076,1909f56bfc062723c751e8b465ee728b)  -> (artifact id: 'b492ff56557aa210d79a629f91971399') in 0.028536 seconds 
========================================================================
Received Import Request.
  Time since last request: 0.000022 seconds.
  path: Assets/Main_Project/PreFAB/Tower/Tower-3/Tower-3.prefab
  artifactKey: Guid(1f186ca1cdf0b174cbadd9a76d5e7fc2) Importer(815301076,1909f56bfc062723c751e8b465ee728b)
Start importing Assets/Main_Project/PreFAB/Tower/Tower-3/Tower-3.prefab using Guid(1f186ca1cdf0b174cbadd9a76d5e7fc2) Importer(815301076,1909f56bfc062723c751e8b465ee728b)  -> (artifact id: 'dc85f6f98d1e262d566a4f010b78dba3') in 0.173352 seconds 
========================================================================
Received Import Request.
  Time since last request: 0.000025 seconds.
  path: Assets/Main_Project/PreFAB/Tower/Tower-2/Ammo-2-Test.prefab
  artifactKey: Guid(7c2bf2789e035074abc3f89bec8e020b) Importer(815301076,1909f56bfc062723c751e8b465ee728b)
Start importing Assets/Main_Project/PreFAB/Tower/Tower-2/Ammo-2-Test.prefab using Guid(7c2bf2789e035074abc3f89bec8e020b) Importer(815301076,1909f56bfc062723c751e8b465ee728b)  -> (artifact id: 'bc4b5409e22a3b23b44e7d86453d5048') in 0.025556 seconds 
========================================================================
Received Import Request.
  Time since last request: 0.000033 seconds.
  path: Assets/Main_Project/PreFAB/Tower/Tower-2/Tower-2.prefab
  artifactKey: Guid(45e4f0e668865174ea339cd7225229c8) Importer(815301076,1909f56bfc062723c751e8b465ee728b)
Start importing Assets/Main_Project/PreFAB/Tower/Tower-2/Tower-2.prefab using Guid(45e4f0e668865174ea339cd7225229c8) Importer(815301076,1909f56bfc062723c751e8b465ee728b)  -> (artifact id: 'c47fd8dad2d31a268771bd50a60b1145') in 0.045727 seconds 
Editor requested this worker to shutdown with reason: Scaling down because of idle timeout
AssetImportWorker is now disconnected from the server
Process exiting
Exiting without the bug reporter. Application will terminate with return code 0